<?xml version="1.0" encoding="UTF-8"?>
<testng-results ignored="0" total="2" passed="2" failed="0" skipped="0">
  <reporter-output>
  </reporter-output>
  <suite started-at="2024-01-14T09:32:05 IST" name="Suite" finished-at="2024-01-14T09:32:07 IST" duration-ms="2201">
    <groups>
    </groups>
    <test started-at="2024-01-14T09:32:05 IST" name="Test" finished-at="2024-01-14T09:32:07 IST" duration-ms="2201">
      <class name="linkTestNGwithMaven.linkTestNGwithMaven">
        <test-method signature="getMethod_1()[pri:0, instance:linkTestNGwithMaven.linkTestNGwithMaven@3c73951]" started-at="2024-01-14T09:32:05 IST" name="getMethod_1" finished-at="2024-01-14T09:32:07 IST" duration-ms="2013" status="PASS">
          <reporter-output>
          </reporter-output>
        </test-method> <!-- getMethod_1 -->
        <test-method signature="getMethod_2()[pri:0, instance:linkTestNGwithMaven.linkTestNGwithMaven@3c73951]" started-at="2024-01-14T09:32:07 IST" name="getMethod_2" finished-at="2024-01-14T09:32:07 IST" duration-ms="147" status="PASS">
          <reporter-output>
          </reporter-output>
        </test-method> <!-- getMethod_2 -->
      </class> <!-- linkTestNGwithMaven.linkTestNGwithMaven -->
    </test> <!-- Test -->
  </suite> <!-- Suite -->
</testng-results>
