<?xml version="1.0" encoding="UTF-8"?>
<testng-results ignored="0" total="2" passed="2" failed="0" skipped="0">
  <reporter-output>
  </reporter-output>
  <suite started-at="2024-01-13T22:44:00 IST" name="Suite" finished-at="2024-01-13T22:44:03 IST" duration-ms="2913">
    <groups>
    </groups>
    <test started-at="2024-01-13T22:44:00 IST" name="Test" finished-at="2024-01-13T22:44:03 IST" duration-ms="2913">
      <class name="linkTestNGwithMaven.linkTestNGwithMaven">
        <test-method signature="getMethod_1()[pri:0, instance:linkTestNGwithMaven.linkTestNGwithMaven@1184ab05]" started-at="2024-01-13T22:44:00 IST" name="getMethod_1" finished-at="2024-01-13T22:44:03 IST" duration-ms="2659" status="PASS">
          <reporter-output>
          </reporter-output>
        </test-method> <!-- getMethod_1 -->
        <test-method signature="getMethod_2()[pri:0, instance:linkTestNGwithMaven.linkTestNGwithMaven@1184ab05]" started-at="2024-01-13T22:44:03 IST" name="getMethod_2" finished-at="2024-01-13T22:44:03 IST" duration-ms="210" status="PASS">
          <reporter-output>
          </reporter-output>
        </test-method> <!-- getMethod_2 -->
      </class> <!-- linkTestNGwithMaven.linkTestNGwithMaven -->
    </test> <!-- Test -->
  </suite> <!-- Suite -->
</testng-results>
