<?xml version="1.0" encoding="UTF-8"?>
<testng-results ignored="0" total="2" passed="2" failed="0" skipped="0">
  <reporter-output>
  </reporter-output>
  <suite started-at="2024-01-13T20:11:45 IST" name="Default suite" finished-at="2024-01-13T20:11:47 IST" duration-ms="2363">
    <groups>
    </groups>
    <test started-at="2024-01-13T20:11:45 IST" name="Default test" finished-at="2024-01-13T20:11:47 IST" duration-ms="2363">
      <class name="linkTestNGwithMaven.linkTestNGwithMaven">
        <test-method signature="getMethod_1()[pri:0, instance:linkTestNGwithMaven.linkTestNGwithMaven@957e06]" started-at="2024-01-13T20:11:45 IST" name="getMethod_1" finished-at="2024-01-13T20:11:47 IST" duration-ms="1790" status="PASS">
          <reporter-output>
          </reporter-output>
        </test-method> <!-- getMethod_1 -->
        <test-method signature="getMethod_2()[pri:0, instance:linkTestNGwithMaven.linkTestNGwithMaven@957e06]" started-at="2024-01-13T20:11:47 IST" name="getMethod_2" finished-at="2024-01-13T20:11:47 IST" duration-ms="526" status="PASS">
          <reporter-output>
          </reporter-output>
        </test-method> <!-- getMethod_2 -->
      </class> <!-- linkTestNGwithMaven.linkTestNGwithMaven -->
    </test> <!-- Default test -->
  </suite> <!-- Default suite -->
</testng-results>
