<?xml version="1.0" encoding="UTF-8"?>
<testng-results ignored="0" total="2" passed="2" failed="0" skipped="0">
  <reporter-output>
  </reporter-output>
  <suite started-at="2024-01-14T09:24:42 IST" name="Default suite" finished-at="2024-01-14T09:24:44 IST" duration-ms="2207">
    <groups>
    </groups>
    <test started-at="2024-01-14T09:24:42 IST" name="Default test" finished-at="2024-01-14T09:24:44 IST" duration-ms="2207">
      <class name="parallelExecution.parallelExecution">
        <test-method signature="getMethod_1()[pri:0, instance:parallelExecution.parallelExecution@7e7be63f]" started-at="2024-01-14T09:24:42 IST" name="getMethod_1" finished-at="2024-01-14T09:24:44 IST" duration-ms="1975" status="PASS">
          <reporter-output>
          </reporter-output>
        </test-method> <!-- getMethod_1 -->
        <test-method signature="getMethod_2()[pri:1, instance:parallelExecution.parallelExecution@7e7be63f]" started-at="2024-01-14T09:24:44 IST" name="getMethod_2" finished-at="2024-01-14T09:24:44 IST" duration-ms="181" status="PASS">
          <reporter-output>
          </reporter-output>
        </test-method> <!-- getMethod_2 -->
      </class> <!-- parallelExecution.parallelExecution -->
    </test> <!-- Default test -->
  </suite> <!-- Default suite -->
</testng-results>
